[3/13/2026, 12:55:22 PM] ✅ Auto-email sent to pmahi7801@gmail.com (ReqID: gas , road,software)
[3/13/2026, 12:55:24 PM] 🚀 AUTO-WORKER: Sent matches to pmahi7801@gmail.com (60 Found)
[3/13/2026, 1:03:18 PM] ✅ Auto-Confirmation sent to pmahi7801@gmail.com
[3/13/2026, 1:03:20 PM] 🚀 AUTO-WORKER: Sent matches to pmahi7801@gmail.com (60 Found)
[3/13/2026, 1:52:17 PM] ✅ Auto-Confirmation sent to pmahi7801@gmail.com
[3/13/2026, 1:52:19 PM] 🚀 AUTO-WORKER: Sent matches to pmahi7801@gmail.com (60 Found)
[3/13/2026, 2:08:24 PM] ✅ Auto-Confirmation sent to pmahi7801@gmail.com
[3/13/2026, 2:08:25 PM] 🚀 AUTO-WORKER: Sent matches to pmahi7801@gmail.com (60 Found)
[3/13/2026, 2:11:22 PM] ✅ Auto-Confirmation sent to pmahi7801@gmail.com
[3/13/2026, 2:11:24 PM] 🚀 AUTO-WORKER: Sent matches to pmahi7801@gmail.com (60 Found)
[3/13/2026, 2:13:27 PM] ✅ Auto-Confirmation sent to pmahi7801@gmail.com
[3/13/2026, 2:13:29 PM] 🚀 AUTO-WORKER: Sent matches to pmahi7801@gmail.com (60 Found)
[3/13/2026, 2:16:05 PM] ✅ Auto-Confirmation sent to pmahi7801@gmail.com
[3/13/2026, 2:16:07 PM] 🚀 AUTO-WORKER: Sent matches to pmahi7801@gmail.com (60 Found)
[3/13/2026, 2:30:16 PM] ✅ Auto-Confirmation sent to pmahi7801@gmail.com
[3/13/2026, 2:30:18 PM] 🚀 AUTO-WORKER: Sent matches to pmahi7801@gmail.com (35 Found)
[3/16/2026, 12:54:50 PM] ✅ Auto-Confirmation Email sent to pmahi7801@gmail.com
[3/16/2026, 12:54:57 PM] 🚀 AUTO-WORKER: Sent matches to pmahi7801@gmail.com (500 Found)
[3/18/2026, 3:07:14 PM] ✅ Auto-Confirmation Email sent to pmahi7801@gmail.com
[3/18/2026, 3:07:17 PM] 🚀 AUTO-WORKER: Sent matches to pmahi7801@gmail.com (48 Found)
[3/18/2026, 3:16:37 PM] ✅ Auto-Confirmation Email sent to pmahi7801@gmail.com
[3/18/2026, 3:16:39 PM] 🚀 AUTO-WORKER: Sent matches to pmahi7801@gmail.com (48 Found)
[3/18/2026, 3:18:13 PM] ✅ Auto-Confirmation Email sent to pmahi7801@gmail.com
[3/18/2026, 3:18:16 PM] 🚀 AUTO-WORKER: Sent matches to pmahi7801@gmail.com (48 Found)
[3/18/2026, 3:36:12 PM] ✅ Auto-Confirmation Email sent to pmahi7801@gmail.com
[3/18/2026, 3:36:15 PM] 🚀 AUTO-WORKER: Sent matches to pmahi7801@gmail.com (48 Found)
[3/24/2026, 10:07:29 AM] ✅ Auto-Confirmation Email sent to pmahi7801@gmail.com
[3/24/2026, 10:07:32 AM] 🚀 AUTO-WORKER: Sent matches to pmahi7801@gmail.com (17 Found)
[3/24/2026, 10:16:57 AM] ✅ Auto-Confirmation Email sent to pmahi7801@gmail.com
[3/24/2026, 10:17:00 AM] 🚀 AUTO-WORKER: Sent matches to pmahi7801@gmail.com (17 Found)
[3/24/2026, 11:07:54 AM] ✅ Admin Reply sent to pmahi7801@gmail.com
[3/24/2026, 4:10:11 PM] ✅ Admin Reply sent to pmahi7801@gmail.com
[3/24/2026, 5:50:36 PM] ✅ Auto-Confirmation Email sent to pmahi7801@gmail.com
[3/24/2026, 5:50:37 PM] 🚀 AUTO-WORKER: Sent matches to pmahi7801@gmail.com (22 Found)
[3/25/2026, 12:49:26 PM] ✅ Admin Reply sent to pmahi7801@gmail.com
[3/25/2026, 12:52:53 PM] ✅ Auto-Confirmation Email sent to pmahi7801@gmail.com
[3/25/2026, 12:52:54 PM] 🚀 AUTO-WORKER: Sent matches to pmahi7801@gmail.com (16 Found)
[3/25/2026, 1:11:37 PM] ✅ Auto-Confirmation Email sent to pmahi7801@gmail.com
[3/26/2026, 10:43:38 AM] ✅ Auto-Confirmation Email sent to support@bidalert.in
[3/26/2026, 10:46:24 AM] 🚀 AUTO-WORKER: Sent matches to admin@bidalert.in (13 Found)
[3/26/2026, 10:46:26 AM] 🚀 AUTO-WORKER: Sent matches to admin@bidalert.in (13 Found)
[3/26/2026, 10:46:28 AM] 🚀 AUTO-WORKER: Sent matches to support@bidalert.in (13 Found)
[3/26/2026, 10:48:08 AM] ✅ Auto-Confirmation Email sent to support@bidalert.in
[3/26/2026, 10:48:11 AM] 🚀 AUTO-WORKER: Sent matches to support@bidalert.in (13 Found)
[3/26/2026, 10:49:52 AM] ✅ Auto-Confirmation Email sent to pmahi7801@gmail.com
[3/26/2026, 10:49:55 AM] 🚀 AUTO-WORKER: Sent matches to pmahi7801@gmail.com (13 Found)
[3/26/2026, 10:58:22 AM] ✅ Auto-Confirmation Email sent to pmahi7801@gmail.com
[3/26/2026, 10:58:25 AM] 🚀 AUTO-WORKER: Sent matches to pmahi7801@gmail.com (13 Found)
[3/26/2026, 11:05:28 AM] ✅ Auto-Confirmation Email sent to pmahi7801@gmail.com
[3/26/2026, 11:05:29 AM] 🚀 AUTO-WORKER: Sent matches to pmahi7801@gmail.com (11 Found)
[3/26/2026, 12:09:39 PM] ✅ Auto-Confirmation Email sent to pmahi7801@gmail.com
[3/26/2026, 12:09:40 PM] 🚀 AUTO-WORKER: Sent matches to pmahi7801@gmail.com (11 Found)
